<?xml version="1.0" encoding="UTF-8"?>
<!-- Generated by org.testng.reporters.JUnitReportReporter -->
<testsuite hostname="LAPTOP-JR17UHLN" failures="0" tests="3" name="Test_classes.orangeHRM_Test" time="63.443" errors="0" timestamp="2022-09-16T10:50:36 IST" skipped="0">
  <testcase classname="Test_classes.orangeHRM_Test" name="login" time="17.903"/>
  <system-out/>
  <testcase classname="Test_classes.orangeHRM_Test" name="myInfo" time="5.616"/>
  <system-out/>
  <testcase classname="Test_classes.orangeHRM_Test" name="information" time="39.924"/>
  <system-out/>
</testsuite> <!-- Test_classes.orangeHRM_Test -->
