<?xml version="1.0" encoding="UTF-8"?>
<!-- Generated by org.testng.reporters.JUnitReportReporter -->
<testsuite hostname="LAPTOP-JR17UHLN" failures="0" tests="1" name="Test_classes.OrangeHRM_login_test" time="27.407" errors="0" timestamp="2022-09-08T19:24:46 IST" skipped="0">
  <testcase classname="Test_classes.OrangeHRM_login_test" name="Login" time="27.407"/>
  <system-out/>
</testsuite> <!-- Test_classes.OrangeHRM_login_test -->
