<?xml version="1.0" encoding="UTF-8"?>
<!-- Generated by org.testng.reporters.JUnitReportReporter -->
<testsuite hostname="LAPTOP-JR17UHLN" failures="0" tests="3" name="Test_classes.orangeHRM_Test" time="57.501" errors="0" timestamp="2022-09-16T16:27:53 IST" skipped="0">
  <testcase classname="Test_classes.orangeHRM_Test" name="login" time="13.835"/>
  <system-out/>
  <testcase classname="Test_classes.orangeHRM_Test" name="myInfo" time="4.157"/>
  <system-out/>
  <testcase classname="Test_classes.orangeHRM_Test" name="information" time="39.509"/>
  <system-out/>
</testsuite> <!-- Test_classes.orangeHRM_Test -->
